
> xerox-buddy@1.0.0 build
> vite build

[36mvite v5.4.21 [32mbuilding for production...[36m[39m
transforming...
[32m✓[39m 3241 modules transformed.
rendering chunks...
[1m[33m[plugin:vite:reporter][39m[22m [33m[plugin vite:reporter] 
(!) C:/Users/Lokesh Thanala/OneDrive/Desktop/xerox buddy/node_modules/jspdf/dist/jspdf.es.min.js is dynamically imported by C:/Users/Lokesh Thanala/OneDrive/Desktop/xerox buddy/src/resume-builder/components/ResumePreview.jsx but also statically imported by C:/Users/Lokesh Thanala/OneDrive/Desktop/xerox buddy/src/components/AcademicToolkit.jsx, dynamic import will not move module into another chunk.
[39m
computing gzip size...
[2mdist/[22m[32mbooth.html                          [39m[1m[2m    0.54 kB[22m[1m[22m[2m │ gzip:   0.33 kB[22m
[2mdist/[22m[32mindex.html                          [39m[1m[2m    0.81 kB[22m[1m[22m[2m │ gzip:   0.45 kB[22m
[2mdist/[22m[32massets/pdf.worker.min-yatZIOMy.mjs  [39m[1m[2m1,375.84 kB[22m[1m[22m
[2mdist/[22m[35massets/index-gp20fxMo.css           [39m[1m[2m   32.50 kB[22m[1m[22m[2m │ gzip:   6.52 kB[22m
[2mdist/[22m[36massets/booth-B5q7Lhze.js            [39m[1m[2m    8.15 kB[22m[1m[22m[2m │ gzip:   2.52 kB[22m
[2mdist/[22m[36massets/purify.es-8E279hYE.js        [39m[1m[2m   25.61 kB[22m[1m[22m[2m │ gzip:   9.72 kB[22m
[2mdist/[22m[36massets/index.es-CzMQwgub.js         [39m[1m[2m  150.72 kB[22m[1m[22m[2m │ gzip:  51.57 kB[22m
[2mdist/[22m[36massets/html2canvas.esm-CBrSDip1.js  [39m[1m[2m  201.42 kB[22m[1m[22m[2m │ gzip:  48.03 kB[22m
[2mdist/[22m[36massets/index-b6276vsq.js            [39m[1m[2m  257.73 kB[22m[1m[22m[2m │ gzip:  83.52 kB[22m
[2mdist/[22m[36massets/main-Ca-UBZGV.js             [39m[1m[33m1,331.92 kB[39m[22m[2m │ gzip: 400.99 kB[22m
[33m
(!) Some chunks are larger than 500 kB after minification. Consider:
- Using dynamic import() to code-split the application
- Use build.rollupOptions.output.manualChunks to improve chunking: https://rollupjs.org/configuration-options/#output-manualchunks
- Adjust chunk size limit for this warning via build.chunkSizeWarningLimit.[39m
[32m✓ built in 16.02s[39m
